<?xml version="1.0" encoding="UTF-8"?>
<testsuite xmlns:xsi="http://www.w3.org/2001/XMLSchema-instance" xsi:noNamespaceSchemaLocation="https://maven.apache.org/surefire/maven-surefire-plugin/xsd/surefire-test-report.xsd" name="TestSuite" time="7.773" tests="4" errors="0" skipped="3" failures="1">
  <properties>
[...]
</properties>
  <testcase name="initializeTestBaseSetup" classname="com.Securus.Radius23_TestScripts.Dummy" time="7.651">
    <failure message="session not created exception: Chrome version must be &gt;= 60.0.3112.0&#10;  (Driver info: chromedriver=2.33.506120 (e3e53437346286c0bc2d2dc9aa4915ba81d9023f),platform=Windows NT 10.0.15063 x86_64) (WARNING: The server did not provide any stacktrace information)&#10;Command duration or timeout: 401 milliseconds&#10;Build info: version: &apos;3.4.0&apos;, revision: &apos;unknown&apos;, time: &apos;unknown&apos;&#10;System info: host: &apos;OL-G89M0G2&apos;, ip: &apos;10.198.175.32&apos;, os.name: &apos;Windows 10&apos;, os.arch: &apos;amd64&apos;, os.version: &apos;10.0&apos;, java.version: &apos;1.8.0_131&apos;&#10;Driver info: driver.version: ChromeDriver" type="org.openqa.selenium.SessionNotCreatedException">org.openqa.selenium.SessionNotCreatedException: 
session not created exception: Chrome version must be >= 60.0.3112.0
  (Driver info: chromedriver=2.33.506120 (e3e53437346286c0bc2d2dc9aa4915ba81d9023f),platform=Windows NT 10.0.15063 x86_64) (WARNING: The server did not provide any stacktrace information)
Command duration or timeout: 401 milliseconds
Build info: version: '3.4.0', revision: 'unknown', time: 'unknown'
System info: host: 'OL-G89M0G2', ip: '10.198.175.32', os.name: 'Windows 10', os.arch: 'amd64', os.version: '10.0', java.version: '1.8.0_131'
Driver info: driver.version: ChromeDriver
</failure>
    <system-out><![CDATA[2017-10-09 11:21:04  INFO [com.Securus.Radius23_pages.TestBaseSetup : initializeTestBaseSetup : 94] - In before class for initializing browser
2017-10-09 11:21:04  INFO [com.Securus.Radius23_pages.TestBaseSetup : setDriver : 48] - setting the browser:'chrome'
]]></system-out>
    <system-err><![CDATA[SLF4J: Failed to load class "org.slf4j.impl.StaticLoggerBinder".
SLF4J: Defaulting to no-operation (NOP) logger implementation
SLF4J: See http://www.slf4j.org/codes.html#StaticLoggerBinder for further details.
Starting ChromeDriver 2.33.506120 (e3e53437346286c0bc2d2dc9aa4915ba81d9023f) on port 48538
Only local connections are allowed.
]]></system-err>
  </testcase>
  <testcase name="setApplicationToPreviousState" classname="com.Securus.Radius23_TestScripts.Dummy" time="0">
    <skipped/>
  </testcase>
  <testcase name="test" classname="com.Securus.Radius23_TestScripts.Dummy" time="0">
    <skipped/>
    <system-out><![CDATA[2017-10-09 11:21:11  INFO [com.Securus.Radius23_utilities.MyListener : onTestStart : 26] - Starting Test:test in class:com.Securus.Radius23_TestScripts.Dummy
]]></system-out>
  </testcase>
  <testcase name="closeBrowser" classname="com.Securus.Radius23_TestScripts.Dummy" time="0">
    <skipped/>
    <system-out><![CDATA[2017-10-09 11:21:11  INFO [com.Securus.Radius23_utilities.MyListener : onTestSkipped : 57] - 
 Skipped Test:test in class:com.Securus.Radius23_TestScripts.Dummy
]]></system-out>
  </testcase>
</testsuite>